Logger plugins folder: /opt/janus/lib/janus/loggers
[WARN] 	Couldn't access logger plugins folder...
---------------------------------------------------
  Starting Meetecho Janus (WebRTC Server) v1.1.0
---------------------------------------------------

Checking command line arguments...
Debug/log level is 4
Debug/log timestamps are disabled
Debug/log colors are enabled
Adding 'vmnet' to the ICE ignore list...
Using 172.18.0.2 as local IP...
Token based authentication disabled
Initializing recorder code
  -- Using temporary extension .tmp
RTP port range: 30000 -- 31000
Using nat_1_1_mapping for public IP: 185.102.74.250
  -- Going to keep the private host too (separate candidates)
Initializing ICE stuff (Full mode, ICE-TCP candidates disabled, full-trickle, IPv6 support disabled)
ICE port range: 30000-31000
STUN server to use: stun1.l.google.com:19302
  >> 74.125.24.127:19302 (IPv4)
Testing STUN server: message is of 20 bytes
  >> Our public address is 89.218.7.214
TURN REST API backend: (disabled)
Crypto: OpenSSL >= 1.1.0
No cert/key specified, autogenerating some...
Fingerprint of our certificate: B6:C5:6B:F6:C9:6D:8D:EA:82:7F:C5:5A:A6:8E:4C:D2:BD:50:54:17:BB:AA:EC:04:E5:7A:3A:00:00:27:EC:1D
Sessions watchdog started
Joining Janus requests handler thread
Event handlers support disabled
Plugins folder: /opt/janus/lib/janus/plugins
Loading plugin 'libjanus_voicemail.so'...
JANUS VoiceMail plugin initialized!
Loading plugin 'libjanus_audiobridge.so'...
JANUS AudioBridge plugin initialized!
Loading plugin 'libjanus_videocall.so'...
JANUS VideoCall plugin initialized!
Loading plugin 'libjanus_videoroom.so'...
JANUS VideoRoom plugin initialized!
Loading plugin 'libjanus_echotest.so'...
JANUS EchoTest plugin initialized!
Loading plugin 'libjanus_textroom.so'...
JANUS TextRoom plugin initialized!
Loading plugin 'libjanus_recordplay.so'...
JANUS Record&Play plugin initialized!
Loading plugin 'libjanus_nosip.so'...
JANUS NoSIP plugin initialized!
Loading plugin 'libjanus_streaming.so'...
JANUS Streaming plugin initialized!
Transport plugins folder: /opt/janus/lib/janus/transports
Loading transport plugin 'libjanus_pfunix.so'...
[33m[WARN][0m No Unix Sockets server started, giving up...
[33m[WARN][0m The 'janus.transport.pfunix' plugin could not be initialized
Loading transport plugin 'libjanus_http.so'...
HTTP transport timer started
HTTP webserver started (port 8088, /janus path listener)...
JANUS REST (HTTP/HTTPS) transport plugin initialized!
Loading transport plugin 'libjanus_websockets.so'...
libwebsockets logging: 0
Websockets server started (port 8188)...
JANUS WebSockets transport plugin initialized!
WebSockets thread started
[31m[ERR][0m [transports/janus_http.c:janus_http_handler:1436] Invalid url /favicon.ico
